<?xml version="1.0" encoding="UTF-8"?>
<!-- Generated by org.testng.reporters.JUnitXMLReporter -->
<testsuite hostname="DELL" name="Test" tests="3" failures="1" timestamp="30 Aug 2020 15:02:20 GMT" time="0.101" errors="0">
  <testcase name="test1" time="0.02" classname="test.DemoFramework"/>
  <testcase name="test2" time="0.01" classname="test.DemoFramework">
    <failure type="java.lang.AssertionError" message="expected [true] but found [false]">
      <![CDATA[java.lang.AssertionError: expected [true] but found [false]
	at test.DemoFramework.test2(DemoFramework.java:15)
... Removed 29 stack frames]]>
    </failure>
  </testcase> <!-- test2 -->
  <testcase name="test5" time="0.003" classname="test.Demo3"/>
</testsuite> <!-- Test -->
